{"level":"info","message":"User disconnected: 9ZK-nBtFs2BCleVLAAAV"}
{"level":"info","message":"User connected: JYnsQP5VbOA9I1H_AAAX"}
{"level":"info","message":"User disconnected: JYnsQP5VbOA9I1H_AAAX"}
{"level":"info","message":"User connected: ThTJ1gcVnd3aZFvnAAAZ"}
{"level":"info","message":"Server running on port 3000 in development mode"}
{"level":"info","message":"Dev mode: enabled"}
{"level":"info","message":"User connected: c5bnvqgTyQFYp6jKAAAB"}
{"level":"info","message":"Server running on port 3000 in development mode"}
{"level":"info","message":"Dev mode: enabled"}
{"level":"info","message":"Server running on port 3000 in development mode"}
{"level":"info","message":"Dev mode: enabled"}
{"level":"info","message":"Server running on port 3000 in development mode"}
{"level":"info","message":"Dev mode: enabled"}
{"level":"info","message":"Server running on port 3000 in development mode"}
{"level":"info","message":"Dev mode: enabled"}
{"level":"info","message":"Server running on port 3000 in development mode"}
{"level":"info","message":"Dev mode: enabled"}
{"level":"info","message":"Server running on port 3000 in development mode"}
{"level":"info","message":"Dev mode: enabled"}
{"level":"info","message":"User disconnected: SkAKsXYT1araAgriAAAB"}
{"level":"info","message":"Server running on port 3000 in development mode"}
{"level":"info","message":"Dev mode: enabled"}
{"level":"info","message":"Server running on port 3000 in development mode"}
{"level":"info","message":"Dev mode: enabled"}
{"level":"info","message":"User disconnected: aLoFRw-Dpsm8I4ZfAAAB"}
{"level":"info","message":"Server running on port 3000 in development mode"}
{"level":"info","message":"Dev mode: enabled"}
{"level":"info","message":"User disconnected: tCeqVQYCTqEKTZCxAAAB"}
{"level":"info","message":"User disconnected: rmLY_l4do1xUXzAEAAAD"}
{"level":"info","message":"Server running on port 3000 in development mode"}
{"level":"info","message":"Dev mode: enabled"}
{"level":"info","message":"Server running on port 3000 in development mode"}
{"level":"info","message":"Dev mode: enabled"}
{"level":"info","message":"User disconnected: jfC8VuMcFIZoaPAqAAAB"}
{"level":"info","message":"Server running on port 3000 in development mode"}
{"level":"info","message":"Dev mode: enabled"}
{"level":"info","message":"User disconnected: klC-sRd48mOkhA5zAAAB"}
{"level":"info","message":"Server running on port 3000 in development mode"}
{"level":"info","message":"Dev mode: enabled"}
{"level":"info","message":"User disconnected: ajoX_9FLvAYJSgm8AAAB"}
{"level":"info","message":"User disconnected: u7DIjbcv2ZTq21uuAAAD"}
{"level":"info","message":"Server running on port 3000 in development mode"}
{"level":"info","message":"Dev mode: enabled"}
{"level":"info","message":"User disconnected: b3uKd3IV_pgR_X1JAAAB"}
{"level":"info","message":"User disconnected: cvhlNouZb4F-KEgtAAAD"}
{"level":"info","message":"Server running on port 3000 in development mode"}
{"level":"info","message":"Dev mode: enabled"}
{"level":"info","message":"User disconnected: to3aXF14rVg6QXOqAAAB"}
{"level":"info","message":"User disconnected: 33NFIj-rLgmoJWMDAAAD"}
{"level":"info","message":"Server running on port 3000 in development mode"}
{"level":"info","message":"Dev mode: enabled"}
{"level":"info","message":"User disconnected: OiGf3w3J5S3zrryuAAAB"}
{"level":"info","message":"Server running on port 3000 in development mode"}
{"level":"info","message":"Dev mode: enabled"}
{"level":"info","message":"User disconnected: fYNi2C0ubt5EMrwmAAAB"}
{"level":"info","message":"User disconnected: I7qa99KiRNTicXlfAAAD"}
{"level":"info","message":"Server running on port 3000 in development mode"}
{"level":"info","message":"Dev mode: enabled"}
{"level":"info","message":"User disconnected: YXwb6uXBz2_E4uArAAAB"}
{"level":"info","message":"User disconnected: ZmntaHgrGg5k7-F7AAAD"}
{"level":"info","message":"User disconnected: mNamywRdDnxlFACDAAAF"}
{"level":"info","message":"Server running on port 3000 in development mode"}
{"level":"info","message":"Dev mode: enabled"}
{"level":"info","message":"User disconnected: lEXseFRfR0cZDBShAAAB"}
{"level":"info","message":"User disconnected: XdUxQQX70zt9dU7WAAAD"}
{"level":"info","message":"User disconnected: jI3kT88kCd5ThO3hAAAF"}
{"level":"info","message":"User disconnected: njc2EmECNKKO--RIAAAH"}
{"level":"info","message":"User disconnected: 8hpTBPfTVOxsFSsHAAAJ"}
{"level":"info","message":"Server running on port 3000 in development mode"}
{"level":"info","message":"Dev mode: enabled"}
{"level":"info","message":"User disconnected: 7IFnS1nAXimS_TVRAAAB"}
{"level":"info","message":"User disconnected: q4Aev0PC3RV-2DBcAAAD"}
{"level":"info","message":"User disconnected: CJhTHuQmQH9SSSPOAAAF"}
{"level":"info","message":"Server running on port 3000 in development mode"}
{"level":"info","message":"Dev mode: enabled"}
{"level":"info","message":"User disconnected: 29rwYP16CYQMvh-EAAAB"}
{"level":"info","message":"User disconnected: e_izFJ6qnTx798ARAAAD"}
{"level":"info","message":"Server running on port 3000 in development mode"}
{"level":"info","message":"Dev mode: enabled"}
{"level":"info","message":"User disconnected: -IQd98FaCxqAHw-mAAAB"}
{"level":"info","message":"User disconnected: 3DbwGDVu50PAmnULAAAD"}
{"level":"info","message":"User disconnected: oc83_RW6I9nnYGM1AAAF"}
{"level":"info","message":"User disconnected: lZ61jfuoRNKDN7ojAAAH"}
{"level":"info","message":"Server running on port 3000 in development mode"}
{"level":"info","message":"Dev mode: enabled"}
{"level":"info","message":"Server running on port 3000 in development mode"}
{"level":"info","message":"Dev mode: enabled"}
{"level":"info","message":"User disconnected: A8AO9E4V-TOuBZLEAAAB"}
{"level":"info","message":"User disconnected: Zf3n7Lp5xqg6VNpDAAAD"}
{"level":"info","message":"Server running on port 3000 in development mode"}
{"level":"info","message":"Dev mode: enabled"}
{"address":"::1","code":"ECONNREFUSED","errno":-4078,"level":"error","message":"Redis Client Error connect ECONNREFUSED ::1:6379","port":6379,"stack":"Error: connect ECONNREFUSED ::1:6379\n    at TCPConnectWrap.afterConnect [as oncomplete] (node:net:1555:16)","syscall":"connect"}
{"address":"::1","code":"ECONNREFUSED","errno":-4078,"level":"error","message":"Redis Client Error connect ECONNREFUSED ::1:6379","port":6379,"stack":"Error: connect ECONNREFUSED ::1:6379\n    at TCPConnectWrap.afterConnect [as oncomplete] (node:net:1555:16)","syscall":"connect"}
{"address":"::1","code":"ECONNREFUSED","errno":-4078,"level":"error","message":"Redis Client Error connect ECONNREFUSED ::1:6379","port":6379,"stack":"Error: connect ECONNREFUSED ::1:6379\n    at TCPConnectWrap.afterConnect [as oncomplete] (node:net:1555:16)","syscall":"connect"}
{"address":"::1","code":"ECONNREFUSED","errno":-4078,"level":"error","message":"Redis Client Error connect ECONNREFUSED ::1:6379","port":6379,"stack":"Error: connect ECONNREFUSED ::1:6379\n    at TCPConnectWrap.afterConnect [as oncomplete] (node:net:1555:16)","syscall":"connect"}
{"address":"::1","code":"ECONNREFUSED","errno":-4078,"level":"error","message":"Redis Client Error connect ECONNREFUSED ::1:6379","port":6379,"stack":"Error: connect ECONNREFUSED ::1:6379\n    at TCPConnectWrap.afterConnect [as oncomplete] (node:net:1555:16)","syscall":"connect"}
{"address":"::1","code":"ECONNREFUSED","errno":-4078,"level":"error","message":"Redis Client Error connect ECONNREFUSED ::1:6379","port":6379,"stack":"Error: connect ECONNREFUSED ::1:6379\n    at TCPConnectWrap.afterConnect [as oncomplete] (node:net:1555:16)","syscall":"connect"}
{"address":"::1","code":"ECONNREFUSED","errno":-4078,"level":"error","message":"Redis Client Error connect ECONNREFUSED ::1:6379","port":6379,"stack":"Error: connect ECONNREFUSED ::1:6379\n    at TCPConnectWrap.afterConnect [as oncomplete] (node:net:1555:16)","syscall":"connect"}
{"address":"::1","code":"ECONNREFUSED","errno":-4078,"level":"error","message":"Redis Client Error connect ECONNREFUSED ::1:6379","port":6379,"stack":"Error: connect ECONNREFUSED ::1:6379\n    at TCPConnectWrap.afterConnect [as oncomplete] (node:net:1555:16)","syscall":"connect"}
{"address":"::1","code":"ECONNREFUSED","errno":-4078,"level":"error","message":"Redis Client Error connect ECONNREFUSED ::1:6379","port":6379,"stack":"Error: connect ECONNREFUSED ::1:6379\n    at TCPConnectWrap.afterConnect [as oncomplete] (node:net:1555:16)","syscall":"connect"}
{"address":"::1","code":"ECONNREFUSED","errno":-4078,"level":"error","message":"Redis Client Error connect ECONNREFUSED ::1:6379","port":6379,"stack":"Error: connect ECONNREFUSED ::1:6379\n    at TCPConnectWrap.afterConnect [as oncomplete] (node:net:1555:16)","syscall":"connect"}
{"address":"::1","code":"ECONNREFUSED","errno":-4078,"level":"error","message":"Redis Client Error connect ECONNREFUSED ::1:6379","port":6379,"stack":"Error: connect ECONNREFUSED ::1:6379\n    at TCPConnectWrap.afterConnect [as oncomplete] (node:net:1555:16)","syscall":"connect"}
{"address":"::1","code":"ECONNREFUSED","errno":-4078,"level":"error","message":"Redis Client Error connect ECONNREFUSED ::1:6379","port":6379,"stack":"Error: connect ECONNREFUSED ::1:6379\n    at TCPConnectWrap.afterConnect [as oncomplete] (node:net:1555:16)","syscall":"connect"}
{"address":"::1","code":"ECONNREFUSED","errno":-4078,"level":"error","message":"Redis Client Error connect ECONNREFUSED ::1:6379","port":6379,"stack":"Error: connect ECONNREFUSED ::1:6379\n    at TCPConnectWrap.afterConnect [as oncomplete] (node:net:1555:16)","syscall":"connect"}
{"address":"::1","code":"ECONNREFUSED","errno":-4078,"level":"error","message":"Redis Client Error connect ECONNREFUSED ::1:6379","port":6379,"stack":"Error: connect ECONNREFUSED ::1:6379\n    at TCPConnectWrap.afterConnect [as oncomplete] (node:net:1555:16)","syscall":"connect"}
{"address":"::1","code":"ECONNREFUSED","errno":-4078,"level":"error","message":"Redis Client Error connect ECONNREFUSED ::1:6379","port":6379,"stack":"Error: connect ECONNREFUSED ::1:6379\n    at TCPConnectWrap.afterConnect [as oncomplete] (node:net:1555:16)","syscall":"connect"}
{"address":"::1","code":"ECONNREFUSED","errno":-4078,"level":"error","message":"Redis Client Error connect ECONNREFUSED ::1:6379","port":6379,"stack":"Error: connect ECONNREFUSED ::1:6379\n    at TCPConnectWrap.afterConnect [as oncomplete] (node:net:1555:16)","syscall":"connect"}
{"address":"::1","code":"ECONNREFUSED","errno":-4078,"level":"error","message":"Redis Client Error connect ECONNREFUSED ::1:6379","port":6379,"stack":"Error: connect ECONNREFUSED ::1:6379\n    at TCPConnectWrap.afterConnect [as oncomplete] (node:net:1555:16)","syscall":"connect"}
{"address":"::1","code":"ECONNREFUSED","errno":-4078,"level":"error","message":"Redis Client Error connect ECONNREFUSED ::1:6379","port":6379,"stack":"Error: connect ECONNREFUSED ::1:6379\n    at TCPConnectWrap.afterConnect [as oncomplete] (node:net:1555:16)","syscall":"connect"}
{"address":"::1","code":"ECONNREFUSED","errno":-4078,"level":"error","message":"Redis Client Error connect ECONNREFUSED ::1:6379","port":6379,"stack":"Error: connect ECONNREFUSED ::1:6379\n    at TCPConnectWrap.afterConnect [as oncomplete] (node:net:1555:16)","syscall":"connect"}
{"address":"::1","code":"ECONNREFUSED","errno":-4078,"level":"error","message":"Redis Client Error connect ECONNREFUSED ::1:6379","port":6379,"stack":"Error: connect ECONNREFUSED ::1:6379\n    at TCPConnectWrap.afterConnect [as oncomplete] (node:net:1555:16)","syscall":"connect"}
{"address":"::1","code":"ECONNREFUSED","errno":-4078,"level":"error","message":"Redis Client Error connect ECONNREFUSED ::1:6379","port":6379,"stack":"Error: connect ECONNREFUSED ::1:6379\n    at TCPConnectWrap.afterConnect [as oncomplete] (node:net:1555:16)","syscall":"connect"}
{"address":"::1","code":"ECONNREFUSED","errno":-4078,"level":"error","message":"Redis Client Error connect ECONNREFUSED ::1:6379","port":6379,"stack":"Error: connect ECONNREFUSED ::1:6379\n    at TCPConnectWrap.afterConnect [as oncomplete] (node:net:1555:16)","syscall":"connect"}
{"address":"::1","code":"ECONNREFUSED","errno":-4078,"level":"error","message":"Redis Client Error connect ECONNREFUSED ::1:6379","port":6379,"stack":"Error: connect ECONNREFUSED ::1:6379\n    at TCPConnectWrap.afterConnect [as oncomplete] (node:net:1555:16)","syscall":"connect"}
{"address":"::1","code":"ECONNREFUSED","errno":-4078,"level":"error","message":"Redis Client Error connect ECONNREFUSED ::1:6379","port":6379,"stack":"Error: connect ECONNREFUSED ::1:6379\n    at TCPConnectWrap.afterConnect [as oncomplete] (node:net:1555:16)","syscall":"connect"}
{"address":"::1","code":"ECONNREFUSED","errno":-4078,"level":"error","message":"Redis Client Error connect ECONNREFUSED ::1:6379","port":6379,"stack":"Error: connect ECONNREFUSED ::1:6379\n    at TCPConnectWrap.afterConnect [as oncomplete] (node:net:1555:16)","syscall":"connect"}
{"address":"::1","code":"ECONNREFUSED","errno":-4078,"level":"error","message":"Redis Client Error connect ECONNREFUSED ::1:6379","port":6379,"stack":"Error: connect ECONNREFUSED ::1:6379\n    at TCPConnectWrap.afterConnect [as oncomplete] (node:net:1555:16)","syscall":"connect"}
{"address":"::1","code":"ECONNREFUSED","errno":-4078,"level":"error","message":"Redis Client Error connect ECONNREFUSED ::1:6379","port":6379,"stack":"Error: connect ECONNREFUSED ::1:6379\n    at TCPConnectWrap.afterConnect [as oncomplete] (node:net:1555:16)","syscall":"connect"}
{"address":"::1","code":"ECONNREFUSED","errno":-4078,"level":"error","message":"Redis Client Error connect ECONNREFUSED ::1:6379","port":6379,"stack":"Error: connect ECONNREFUSED ::1:6379\n    at TCPConnectWrap.afterConnect [as oncomplete] (node:net:1555:16)","syscall":"connect"}
{"address":"::1","code":"ECONNREFUSED","errno":-4078,"level":"error","message":"Redis Client Error connect ECONNREFUSED ::1:6379","port":6379,"stack":"Error: connect ECONNREFUSED ::1:6379\n    at TCPConnectWrap.afterConnect [as oncomplete] (node:net:1555:16)","syscall":"connect"}
{"address":"::1","code":"ECONNREFUSED","errno":-4078,"level":"error","message":"Redis Client Error connect ECONNREFUSED ::1:6379","port":6379,"stack":"Error: connect ECONNREFUSED ::1:6379\n    at TCPConnectWrap.afterConnect [as oncomplete] (node:net:1555:16)","syscall":"connect"}
{"address":"::1","code":"ECONNREFUSED","errno":-4078,"level":"error","message":"Redis Client Error connect ECONNREFUSED ::1:6379","port":6379,"stack":"Error: connect ECONNREFUSED ::1:6379\n    at TCPConnectWrap.afterConnect [as oncomplete] (node:net:1555:16)","syscall":"connect"}
{"address":"::1","code":"ECONNREFUSED","errno":-4078,"level":"error","message":"Redis Client Error connect ECONNREFUSED ::1:6379","port":6379,"stack":"Error: connect ECONNREFUSED ::1:6379\n    at TCPConnectWrap.afterConnect [as oncomplete] (node:net:1555:16)","syscall":"connect"}
{"address":"::1","code":"ECONNREFUSED","errno":-4078,"level":"error","message":"Redis Client Error connect ECONNREFUSED ::1:6379","port":6379,"stack":"Error: connect ECONNREFUSED ::1:6379\n    at TCPConnectWrap.afterConnect [as oncomplete] (node:net:1555:16)","syscall":"connect"}
{"address":"::1","code":"ECONNREFUSED","errno":-4078,"level":"error","message":"Redis Client Error connect ECONNREFUSED ::1:6379","port":6379,"stack":"Error: connect ECONNREFUSED ::1:6379\n    at TCPConnectWrap.afterConnect [as oncomplete] (node:net:1555:16)","syscall":"connect"}
{"address":"::1","code":"ECONNREFUSED","errno":-4078,"level":"error","message":"Redis Client Error connect ECONNREFUSED ::1:6379","port":6379,"stack":"Error: connect ECONNREFUSED ::1:6379\n    at TCPConnectWrap.afterConnect [as oncomplete] (node:net:1555:16)","syscall":"connect"}
{"address":"::1","code":"ECONNREFUSED","errno":-4078,"level":"error","message":"Redis Client Error connect ECONNREFUSED ::1:6379","port":6379,"stack":"Error: connect ECONNREFUSED ::1:6379\n    at TCPConnectWrap.afterConnect [as oncomplete] (node:net:1555:16)","syscall":"connect"}
{"address":"::1","code":"ECONNREFUSED","errno":-4078,"level":"error","message":"Redis Client Error connect ECONNREFUSED ::1:6379","port":6379,"stack":"Error: connect ECONNREFUSED ::1:6379\n    at TCPConnectWrap.afterConnect [as oncomplete] (node:net:1555:16)","syscall":"connect"}
{"address":"::1","code":"ECONNREFUSED","errno":-4078,"level":"error","message":"Redis Client Error connect ECONNREFUSED ::1:6379","port":6379,"stack":"Error: connect ECONNREFUSED ::1:6379\n    at TCPConnectWrap.afterConnect [as oncomplete] (node:net:1555:16)","syscall":"connect"}
{"address":"::1","code":"ECONNREFUSED","errno":-4078,"level":"error","message":"Redis Client Error connect ECONNREFUSED ::1:6379","port":6379,"stack":"Error: connect ECONNREFUSED ::1:6379\n    at TCPConnectWrap.afterConnect [as oncomplete] (node:net:1555:16)","syscall":"connect"}
{"address":"::1","code":"ECONNREFUSED","errno":-4078,"level":"error","message":"Redis Client Error connect ECONNREFUSED ::1:6379","port":6379,"stack":"Error: connect ECONNREFUSED ::1:6379\n    at TCPConnectWrap.afterConnect [as oncomplete] (node:net:1555:16)","syscall":"connect"}
{"address":"::1","code":"ECONNREFUSED","errno":-4078,"level":"error","message":"Redis Client Error connect ECONNREFUSED ::1:6379","port":6379,"stack":"Error: connect ECONNREFUSED ::1:6379\n    at TCPConnectWrap.afterConnect [as oncomplete] (node:net:1555:16)","syscall":"connect"}
{"address":"::1","code":"ECONNREFUSED","errno":-4078,"level":"error","message":"Redis Client Error connect ECONNREFUSED ::1:6379","port":6379,"stack":"Error: connect ECONNREFUSED ::1:6379\n    at TCPConnectWrap.afterConnect [as oncomplete] (node:net:1555:16)","syscall":"connect"}
{"address":"::1","code":"ECONNREFUSED","errno":-4078,"level":"error","message":"Redis Client Error connect ECONNREFUSED ::1:6379","port":6379,"stack":"Error: connect ECONNREFUSED ::1:6379\n    at TCPConnectWrap.afterConnect [as oncomplete] (node:net:1555:16)","syscall":"connect"}
{"address":"::1","code":"ECONNREFUSED","errno":-4078,"level":"error","message":"Redis Client Error connect ECONNREFUSED ::1:6379","port":6379,"stack":"Error: connect ECONNREFUSED ::1:6379\n    at TCPConnectWrap.afterConnect [as oncomplete] (node:net:1555:16)","syscall":"connect"}
{"address":"::1","code":"ECONNREFUSED","errno":-4078,"level":"error","message":"Redis Client Error connect ECONNREFUSED ::1:6379","port":6379,"stack":"Error: connect ECONNREFUSED ::1:6379\n    at TCPConnectWrap.afterConnect [as oncomplete] (node:net:1555:16)","syscall":"connect"}
{"address":"::1","code":"ECONNREFUSED","errno":-4078,"level":"error","message":"Redis Client Error connect ECONNREFUSED ::1:6379","port":6379,"stack":"Error: connect ECONNREFUSED ::1:6379\n    at TCPConnectWrap.afterConnect [as oncomplete] (node:net:1555:16)","syscall":"connect"}
{"address":"::1","code":"ECONNREFUSED","errno":-4078,"level":"error","message":"Redis Client Error connect ECONNREFUSED ::1:6379","port":6379,"stack":"Error: connect ECONNREFUSED ::1:6379\n    at TCPConnectWrap.afterConnect [as oncomplete] (node:net:1555:16)","syscall":"connect"}
{"address":"::1","code":"ECONNREFUSED","errno":-4078,"level":"error","message":"Redis Client Error connect ECONNREFUSED ::1:6379","port":6379,"stack":"Error: connect ECONNREFUSED ::1:6379\n    at TCPConnectWrap.afterConnect [as oncomplete] (node:net:1555:16)","syscall":"connect"}
{"address":"::1","code":"ECONNREFUSED","errno":-4078,"level":"error","message":"Redis Client Error connect ECONNREFUSED ::1:6379","port":6379,"stack":"Error: connect ECONNREFUSED ::1:6379\n    at TCPConnectWrap.afterConnect [as oncomplete] (node:net:1555:16)","syscall":"connect"}
{"address":"::1","code":"ECONNREFUSED","errno":-4078,"level":"error","message":"Redis Client Error connect ECONNREFUSED ::1:6379","port":6379,"stack":"Error: connect ECONNREFUSED ::1:6379\n    at TCPConnectWrap.afterConnect [as oncomplete] (node:net:1555:16)","syscall":"connect"}
{"address":"::1","code":"ECONNREFUSED","errno":-4078,"level":"error","message":"Redis Client Error connect ECONNREFUSED ::1:6379","port":6379,"stack":"Error: connect ECONNREFUSED ::1:6379\n    at TCPConnectWrap.afterConnect [as oncomplete] (node:net:1555:16)","syscall":"connect"}
{"address":"::1","code":"ECONNREFUSED","errno":-4078,"level":"error","message":"Redis Client Error connect ECONNREFUSED ::1:6379","port":6379,"stack":"Error: connect ECONNREFUSED ::1:6379\n    at TCPConnectWrap.afterConnect [as oncomplete] (node:net:1555:16)","syscall":"connect"}
{"address":"::1","code":"ECONNREFUSED","errno":-4078,"level":"error","message":"Redis Client Error connect ECONNREFUSED ::1:6379","port":6379,"stack":"Error: connect ECONNREFUSED ::1:6379\n    at TCPConnectWrap.afterConnect [as oncomplete] (node:net:1555:16)","syscall":"connect"}
{"address":"::1","code":"ECONNREFUSED","errno":-4078,"level":"error","message":"Redis Client Error connect ECONNREFUSED ::1:6379","port":6379,"stack":"Error: connect ECONNREFUSED ::1:6379\n    at TCPConnectWrap.afterConnect [as oncomplete] (node:net:1555:16)","syscall":"connect"}
{"address":"::1","code":"ECONNREFUSED","errno":-4078,"level":"error","message":"Redis Client Error connect ECONNREFUSED ::1:6379","port":6379,"stack":"Error: connect ECONNREFUSED ::1:6379\n    at TCPConnectWrap.afterConnect [as oncomplete] (node:net:1555:16)","syscall":"connect"}
{"address":"::1","code":"ECONNREFUSED","errno":-4078,"level":"error","message":"Redis Client Error connect ECONNREFUSED ::1:6379","port":6379,"stack":"Error: connect ECONNREFUSED ::1:6379\n    at TCPConnectWrap.afterConnect [as oncomplete] (node:net:1555:16)","syscall":"connect"}
{"level":"info","message":"User disconnected: IHeRcqcjgCsBB9xlAAAB"}
{"level":"info","message":"User disconnected: _wLJ50URQzRM0LdMAAAD"}
{"level":"info","message":"User disconnected: 1Jj-q8fKb0qo_f65AAAF"}
{"level":"info","message":"User disconnected: g3OcPJ_QlCQxkUrsAAAH"}
{"level":"info","message":"Server running on port 3000 in development mode"}
{"level":"info","message":"Dev mode: enabled"}
{"level":"info","message":"User disconnected: EA_5BotV2iYcxsDfAAAB"}
{"level":"info","message":"User disconnected: FdQaN-lqC8KNuOuGAAAD"}
{"level":"info","message":"User disconnected: iXDsM7FNalzMvGZfAAAF"}
{"level":"info","message":"User disconnected: UjZxheohb7v3oeT5AAAH"}
{"level":"info","message":"User disconnected: 4Jo8DVyytn5SsXH-AAAJ"}
{"level":"info","message":"User disconnected: meCcl62NuVkwWVIXAAAL"}
{"level":"info","message":"Server running on port 3000 in development mode"}
{"level":"info","message":"Dev mode: enabled"}
{"level":"info","message":"User disconnected: fgGzQnDKGg9tupelAAAB"}
{"level":"info","message":"User disconnected: OW8J7ZVsCn7YxxxGAAAD"}
